<?xml version="1.0" encoding="UTF-8"?>
<testsuite name="pocket.module.mindsgn.SecureKeyStoreTest" tests="2" skipped="0" failures="0" errors="0" timestamp="2026-03-01T18:31:53.583Z" hostname="mindsgn.local" time="0.001">
  <properties/>
  <testcase name="generateRandomBase64_hasExpectedDecodedLength" classname="pocket.module.mindsgn.SecureKeyStoreTest" time="0.001"/>
  <testcase name="bytesToBase64_roundTripsExpectedBytes" classname="pocket.module.mindsgn.SecureKeyStoreTest" time="0.0"/>
  <system-out><![CDATA[]]></system-out>
  <system-err><![CDATA[]]></system-err>
</testsuite>
